<ehcache xmlns:xsi="http://www.w3.org/2001/XMLSchema-instance"
	xsi:noNamespaceSchemaLocation="ehcache.xsd" updateCheck="false"
	monitoring="off" dynamicConfig="false">

	<defaultCache eternal="false" overflowToDisk="false" timeToIdleSeconds="453" timeToLiveSeconds="453" />

	<cache name="cg1" timeToLiveSeconds="201" />
	<cache name="cg2" timeToLiveSeconds="319" />

</ehcache>